This is pdfTeX, Version 3.141592653-2.6-1.40.25 (TeX Live 2023) (preloaded format=pdflatex 2023.5.13)  23 MAY 2023 22:50
entering extended mode
 restricted \write18 enabled.
 file:line:error style messages enabled.
 %&-line parsing enabled.
**c:/Users/Bikem/Documents/GitHub/Thesis/hera-mi-tum-mri-2023/thesis/tum/ProgressJournal
(c:/Users/Bikem/Documents/GitHub/Thesis/hera-mi-tum-mri-2023/thesis/tum/ProgressJournal.tex
LaTeX2e <2022-11-01> patch level 1
L3 programming layer <2023-05-11> (c:/texlive/2023/texmf-dist/tex/latex/base/article.cls
Document Class: article 2022/07/02 v1.4n Standard LaTeX document class
(c:/texlive/2023/texmf-dist/tex/latex/base/size10.clo
File: size10.clo 2022/07/02 v1.4n Standard LaTeX file (size option)
)
\c@part=\count185
\c@section=\count186
\c@subsection=\count187
\c@subsubsection=\count188
\c@paragraph=\count189
\c@subparagraph=\count190
\c@figure=\count191
\c@table=\count192
\abovecaptionskip=\skip48
\belowcaptionskip=\skip49
\bibindent=\dimen140
) (c:/texlive/2023/texmf-dist/tex/latex/geometry/geometry.sty
Package: geometry 2020/01/02 v5.9 Page Geometry
 (c:/texlive/2023/texmf-dist/tex/latex/graphics/keyval.sty
Package: keyval 2022/05/29 v1.15 key=value parser (DPC)
\KV@toks@=\toks16
) (c:/texlive/2023/texmf-dist/tex/generic/iftex/ifvtex.sty
Package: ifvtex 2019/10/25 v1.7 ifvtex legacy package. Use iftex instead.
 (c:/texlive/2023/texmf-dist/tex/generic/iftex/iftex.sty
Package: iftex 2022/02/03 v1.0f TeX engine tests
))
\Gm@cnth=\count193
\Gm@cntv=\count194
\c@Gm@tempcnt=\count195
\Gm@bindingoffset=\dimen141
\Gm@wd@mp=\dimen142
\Gm@odd@mp=\dimen143
\Gm@even@mp=\dimen144
\Gm@layoutwidth=\dimen145
\Gm@layoutheight=\dimen146
\Gm@layouthoffset=\dimen147
\Gm@layoutvoffset=\dimen148
\Gm@dimlist=\toks17
) (c:/texlive/2023/texmf-dist/tex/latex/booktabs/booktabs.sty
Package: booktabs 2020/01/12 v1.61803398 Publication quality tables
\heavyrulewidth=\dimen149
\lightrulewidth=\dimen150
\cmidrulewidth=\dimen151
\belowrulesep=\dimen152
\belowbottomsep=\dimen153
\aboverulesep=\dimen154
\abovetopsep=\dimen155
\cmidrulesep=\dimen156
\cmidrulekern=\dimen157
\defaultaddspace=\dimen158
\@cmidla=\count196
\@cmidlb=\count197
\@aboverulesep=\dimen159
\@belowrulesep=\dimen160
\@thisruleclass=\count198
\@lastruleclass=\count199
\@thisrulewidth=\dimen161
) (c:/texlive/2023/texmf-dist/tex/latex/multirow/multirow.sty
Package: multirow 2021/03/15 v2.8 Span multiple rows of a table
\multirow@colwidth=\skip50
\multirow@cntb=\count266
\multirow@dima=\skip51
\bigstrutjot=\dimen162
) (c:/texlive/2023/texmf-dist/tex/latex/l3backend/l3backend-pdftex.def
File: l3backend-pdftex.def 2023-04-19 L3 backend support: PDF output (pdfTeX)
\l__color_backend_stack_int=\count267
\l__pdf_internal_box=\box51
)
No file ProgressJournal.aux.
\openout1 = `ProgressJournal.aux'.

LaTeX Font Info:    Checking defaults for OML/cmm/m/it on input line 6.
LaTeX Font Info:    ... okay on input line 6.
LaTeX Font Info:    Checking defaults for OMS/cmsy/m/n on input line 6.
LaTeX Font Info:    ... okay on input line 6.
LaTeX Font Info:    Checking defaults for OT1/cmr/m/n on input line 6.
LaTeX Font Info:    ... okay on input line 6.
LaTeX Font Info:    Checking defaults for T1/cmr/m/n on input line 6.
LaTeX Font Info:    ... okay on input line 6.
LaTeX Font Info:    Checking defaults for TS1/cmr/m/n on input line 6.
LaTeX Font Info:    ... okay on input line 6.
LaTeX Font Info:    Checking defaults for OMX/cmex/m/n on input line 6.
LaTeX Font Info:    ... okay on input line 6.
LaTeX Font Info:    Checking defaults for U/cmr/m/n on input line 6.
LaTeX Font Info:    ... okay on input line 6.
*geometry* driver: auto-detecting
*geometry* detected driver: pdftex
*geometry* verbose mode - [ preamble ] result:
* driver: pdftex
* paper: <default>
* layout: <same size as paper>
* layoutoffset:(h,v)=(0.0pt,0.0pt)
* modes: 
* h-part:(L,W,R)=(92.14519pt, 430.00462pt, 92.14519pt)
* v-part:(T,H,B)=(95.39737pt, 556.47656pt, 143.09605pt)
* \paperwidth=614.295pt
* \paperheight=794.96999pt
* \textwidth=430.00462pt
* \textheight=556.47656pt
* \oddsidemargin=19.8752pt
* \evensidemargin=19.8752pt
* \topmargin=-13.87262pt
* \headheight=12.0pt
* \headsep=25.0pt
* \topskip=10.0pt
* \footskip=30.0pt
* \marginparwidth=65.0pt
* \marginparsep=11.0pt
* \columnsep=10.0pt
* \skip\footins=9.0pt plus 4.0pt minus 2.0pt
* \hoffset=0.0pt
* \voffset=0.0pt
* \mag=1000
* \@twocolumnfalse
* \@twosidefalse
* \@mparswitchfalse
* \@reversemarginfalse
* (1in=72.27pt=25.4mm, 1cm=28.453pt)

LaTeX Font Info:    External font `cmex10' loaded for size
(Font)              <7> on input line 11.
LaTeX Font Info:    External font `cmex10' loaded for size
(Font)              <5> on input line 11.

Overfull \hbox (3.13249pt too wide) in paragraph at lines 13--13
[]\OT1/cmr/bx/n/10 Data
 []


Overfull \hbox (4.38948pt too wide) in paragraph at lines 13--13
\OT1/cmr/bx/n/10 Type| 
 []


Overfull \hbox (6.9331pt too wide) in paragraph at lines 13--13
[]\OT1/cmr/bx/n/10 Published
 []


Overfull \hbox (4.29285pt too wide) in paragraph at lines 13--13
[]\OT1/cmr/bx/n/10 Accuracy| 
 []


Underfull \hbox (badness 3302) in paragraph at lines 15--15
[]\OT1/cmr/m/n/10 Multi Scale Cur-ricu-lum
 []


Underfull \hbox (badness 1472) in paragraph at lines 15--15
\OT1/cmr/m/n/10 Breast MRI Ma-lig-nancy
 []


Underfull \hbox (badness 10000) in paragraph at lines 16--16
[]\OT1/cmr/m/n/10 Fibroglandular Tis-
 []


Underfull \hbox (badness 10000) in paragraph at lines 16--16
\OT1/cmr/m/n/10 sue Seg-men-ta-tion in
 []


Overfull \hbox (0.65242pt too wide) in paragraph at lines 16--16
[]\OT1/cmr/m/n/10 0.92\TS1/cmr/m/n/10 ±\OT1/cmr/m/n/10 0.07
 []


Overfull \hbox (0.65242pt too wide) in paragraph at lines 16--16
\OT1/cmr/m/n/10 0.86\TS1/cmr/m/n/10 ±\OT1/cmr/m/n/10 0.08| 
 []


Underfull \hbox (badness 10000) in paragraph at lines 17--19
[]\OT1/cmr/m/n/10 MSCDA: Multi-level
 []


Underfull \hbox (badness 10000) in paragraph at lines 17--19
\OT1/cmr/m/n/10 Im-proves Un-su-per-vised
 []


Underfull \hbox (badness 3724) in paragraph at lines 17--19
\OT1/cmr/m/n/10 Do-main Adap-ta-tion for
 []


Underfull \hbox (badness 1424) in paragraph at lines 19--19
\OT1/cmr/m/n/10 vol-un-teers and contrast-
 []


Overfull \hbox (1.84462pt too wide) in paragraph at lines 19--19
[]\OT1/cmr/m/n/10 Unsupervised
 []


Underfull \hbox (badness 10000) in paragraph at lines 19--19
\OT1/cmr/m/n/10 do-main
 []


Underfull \hbox (badness 10000) in paragraph at lines 19--19
\OT1/cmr/m/n/10 adap-ta-
 []


Underfull \hbox (badness 5161) in paragraph at lines 19--19
\OT1/cmr/m/n/10 tion (UDA)
 []


Underfull \hbox (badness 10000) in paragraph at lines 19--19
\OT1/cmr/m/n/10 Con-trastive
 []


Underfull \hbox (badness 10000) in paragraph at lines 19--20
[]\OT1/cmr/m/n/10 Exists -
 []


Underfull \hbox (badness 10000) in paragraph at lines 19--20
\OT1/cmr/m/n/10 Works
 []


Underfull \hbox (badness 10000) in paragraph at lines 19--20
\OT1/cmr/m/n/10 (Dataset
 []


Underfull \hbox (badness 10000) in paragraph at lines 19--20
\OT1/cmr/m/n/10 is not
 []


Underfull \hbox (badness 10000) in paragraph at lines 19--20
\OT1/cmr/m/n/10 reach-
 []


Overfull \hbox (87.89984pt too wide) in paragraph at lines 11--23
[][] 
 []

[1

{c:/texlive/2023/texmf-var/fonts/map/pdftex/updmap/pdftex.map}{c:/texlive/2023/texmf-dist/fonts/enc/dvips/cm-super/cm-super-ts1.enc}] [2] [3]

c:/Users/Bikem/Documents/GitHub/Thesis/hera-mi-tum-mri-2023/thesis/tum/ProgressJournal.tex:123: LaTeX Error: Can be used only in preamble.

See the LaTeX manual or LaTeX Companion for explanation.
Type  H <return>  for immediate help.
 ...                                              
                                                  
l.123 \documentclass
                    {article}
Your command was ignored.
Type  I <command> <return>  to replace it with another command,
or  <return>  to continue without it.


c:/Users/Bikem/Documents/GitHub/Thesis/hera-mi-tum-mri-2023/thesis/tum/ProgressJournal.tex:124: LaTeX Error: Can be used only in preamble.

See the LaTeX manual or LaTeX Companion for explanation.
Type  H <return>  for immediate help.
 ...                                              
                                                  
l.124 \usepackage
                 {multirow}
Your command was ignored.
Type  I <command> <return>  to replace it with another command,
or  <return>  to continue without it.


c:/Users/Bikem/Documents/GitHub/Thesis/hera-mi-tum-mri-2023/thesis/tum/ProgressJournal.tex:126: LaTeX Error: Can be used only in preamble.

See the LaTeX manual or LaTeX Companion for explanation.
Type  H <return>  for immediate help.
 ...                                              
                                                  
l.126 \begin{document}
                      
Your command was ignored.
Type  I <command> <return>  to replace it with another command,
or  <return>  to continue without it.

[4] [5] (./ProgressJournal.aux)

LaTeX Warning: Label(s) may have changed. Rerun to get cross-references right.

 )
(\end occurred inside a group at level 1)

### semi simple group (level 1) entered at line 126 (\begingroup)
### bottom level 
Here is how much of TeX's memory you used:
 1201 strings out of 476046
 20979 string characters out of 5794026
 1862993 words of memory out of 5000000
 21686 multiletter control sequences out of 15000+600000
 514188 words of font info for 38 fonts, out of 8000000 for 9000
 1141 hyphenation exceptions out of 8191
 57i,10n,62p,808b,280s stack positions out of 10000i,1000n,20000p,200000b,200000s
<c:/texlive/2023/texmf-dist/fonts/type1/public/amsfonts/cm/cmbx10.pfb><c:/texlive/2023/texmf-dist/fonts/type1/public/amsfonts/cm/cmbx12.pfb><c:/texlive/2023/texmf-dist/fonts/type1/public/amsfonts/cm/cmr10.pfb><c:/texlive/2023/texmf-dist/fonts/type1/public/amsfonts/cm/cmti10.pfb><c:/texlive/2023/texmf-dist/fonts/type1/public/cm-super/sfrm1000.pfb>
Output written on ProgressJournal.pdf (5 pages, 89102 bytes).
PDF statistics:
 46 PDF objects out of 1000 (max. 8388607)
 28 compressed objects within 1 object stream
 0 named destinations out of 1000 (max. 500000)
 1 words of extra memory for PDF output out of 10000 (max. 10000000)

