This is pdfTeX, Version 3.141592653-2.6-1.40.25 (TeX Live 2023) (preloaded format=pdflatex 2023.5.13)  15 MAY 2023 22:22
entering extended mode
 restricted \write18 enabled.
 file:line:error style messages enabled.
 %&-line parsing enabled.
**c:/Users/Bikem/Documents/GitHub/Thesis/hera-mi-tum-mri-2023/thesis/main
(c:/Users/Bikem/Documents/GitHub/Thesis/hera-mi-tum-mri-2023/thesis/main.tex
LaTeX2e <2022-11-01> patch level 1
L3 programming layer <2023-05-11>

! LaTeX Error: File `/tum/tumbook.cls' not found.

Type X to quit or <RETURN> to proceed,
or enter new name. (Default extension: cls)

Enter file name: 
c:/Users/Bikem/Documents/GitHub/Thesis/hera-mi-tum-mri-2023/thesis/main.tex:33: Emergency stop.
<read *> 
         
l.33 ^^M
        
*** (cannot \read from terminal in nonstop modes)

 
Here is how much of TeX's memory you used:
 25 strings out of 476046
 672 string characters out of 5794026
 1850993 words of memory out of 5000000
 20553 multiletter control sequences out of 15000+600000
 512287 words of font info for 32 fonts, out of 8000000 for 9000
 1141 hyphenation exceptions out of 8191
 19i,0n,29p,158b,17s stack positions out of 10000i,1000n,20000p,200000b,200000s
c:/Users/Bikem/Documents/GitHub/Thesis/hera-mi-tum-mri-2023/thesis/main.tex:33:  ==> Fatal error occurred, no output PDF file produced!
